{"/Users/moisesarturoolveratorres/Projects/kitsu/src/App/App.tsx": {"path":"/Users/moisesarturoolveratorres/Projects/kitsu/src/App/App.tsx","statementMap":{"0":{"start":{"line":24,"column":15},"end":{"line":61,"column":2}},"1":{"start":{"line":63,"column":12},"end":{"line":105,"column":1}},"2":{"start":{"line":64,"column":2},"end":{"line":104,"column":4}}},"fnMap":{"0":{"name":"(anonymous_0)","decl":{"start":{"line":63,"column":12},"end":{"line":63,"column":13}},"loc":{"start":{"line":63,"column":18},"end":{"line":105,"column":1}},"line":63}},"branchMap":{"0":{"loc":{"start":{"line":70,"column":11},"end":{"line":74,"column":11}},"type":"cond-expr","locations":[{"start":{"line":70,"column":43},"end":{"line":70,"column":47}},{"start":{"line":71,"column":12},"end":{"line":73,"column":19}}],"line":70}},"s":{"0":1,"1":1,"2":1},"f":{"0":1},"b":{"0":[1,0]},"_coverageSchema":"43e27e138ebf9cfc5966b082cf9a028302ed4184","hash":"b7567b17389103c10aa32a900b17ffb2438ec137"}
}
